11:32:01.469 [pool-1-thread-2] INFO  o.a.AndroidAnnotationProcessor:86 - Initialize AndroidAnnotationProcessor with options {}
11:32:01.535 [pool-1-thread-2] INFO  o.a.AndroidAnnotationProcessor:117 - Start processing for 10 annotations on 63 elements
11:32:01.667 [pool-1-thread-2] DEBUG o.a.h.AndroidManifestFinder:137 - AndroidManifest.xml file found in parent folder /home/stanimir/Stil-Projects/TaxiAndroidOpen: /home/stanimir/Stil-Projects/TaxiAndroidOpen/AndroidManifest.xml
11:32:01.680 [pool-1-thread-2] INFO  o.a.AndroidAnnotationProcessor:180 - AndroidManifest.xml found: AndroidManifest [applicationPackage=com.opentaxi.android, componentQualifiedNames=[com.opentaxi.android.MainActivity_, com.opentaxi.android.UserPassActivity_, com.facebook.LoginActivity, com.opentaxi.android.NewClientActivity_, com.opentaxi.android.LostPasswordActivity_, com.opentaxi.android.MessageActivity, com.opentaxi.android.NewRequestActivity_, com.opentaxi.android.RequestsActivity_, com.opentaxi.android.EditRequestActivity_, com.opentaxi.android.RequestDetailsActivity_, com.opentaxi.android.CarDetailsActivity_, com.opentaxi.android.ServersActivity_, org.mapsforge.applications.android.mapbg.LocationOverlayMapViewer, com.opentaxi.android.BubbleOverlay_, com.opentaxi.android.LongPressMapAction_, org.mapsforge.applications.android.filepicker.FilePicker, org.mapsforge.applications.android.mapbg.Settings, com.opentaxi.android.GcmIntentService, com.littlefluffytoys.littlefluffylocationlibrary.LocationBroadcastService, com.opentaxi.android.GcmBroadcastReceiver, com.opentaxi.android.NetworkStateReceiver, com.littlefluffytoys.littlefluffylocationlibrary.PassiveLocationChangedReceiver, com.opentaxi.android.service.UserGpsBroadcastReceiver], permissionQualifiedNames=[android.permission.INTERNET, android.permission.GET_ACCOUNTS, android.permission.WAKE_LOCK, android.permission.ACCESS_COARSE_LOCATION, android.permission.ACCESS_FINE_LOCATION, android.permission.READ_PHONE_STATE, android.permission.READ_LOGS, android.permission.WRITE_EXTERNAL_STORAGE, android.permission.AUTHENTICATE_ACCOUNTS, com.opentaxi.android.permission.C2D_MESSAGE, com.google.android.c2dm.permission.RECEIVE, android.permission.ACCESS_NETWORK_STATE, android.permission.ACCESS_WIFI_STATE, android.permission.VIBRATE], applicationClassName=com.opentaxi.android.TaxiApplication, libraryProject=false, debugabble=false, minSdkVersion=8, maxSdkVersion=-1, targetSdkVersion=19]
11:32:01.681 [pool-1-thread-2] INFO  o.a.r.ProjectRClassFinder:48 - Found project R class: com.opentaxi.android.R
11:32:01.688 [pool-1-thread-2] INFO  o.a.r.AndroidRClassFinder:44 - Found Android class: android.R
11:32:01.704 [pool-1-thread-2] INFO  o.a.p.ModelValidator:42 - Validating elements
11:32:01.705 [pool-1-thread-2] DEBUG o.a.p.ModelValidator:62 - Validating with EActivityHandler: [com.opentaxi.android.UserPassActivity, com.opentaxi.android.LostPasswordActivity, com.opentaxi.android.NewClientActivity, com.opentaxi.android.CarDetailsActivity, com.opentaxi.android.NewRequestActivity, com.opentaxi.android.BubbleOverlay, com.opentaxi.android.LongPressMapAction, com.opentaxi.android.MainActivity, com.opentaxi.android.ServersActivity, com.opentaxi.android.EditRequestActivity, com.opentaxi.android.RequestDetailsActivity, com.opentaxi.android.RequestsActivity]
11:32:01.712 [pool-1-thread-2] DEBUG o.a.p.ModelValidator:62 - Validating with ViewByIdHandler: [userName, pass, pbProgress, loginLayout, userEmailField, sendButton, userName, pass, pass2, passwordHint, nameField, middleName, lastName, cityName, phoneNumber, email, iAgreeCheckBox, carNumberView, driver, rating, requestButton, pricesPicker, address, addressText, citiesPicker, region, regionsPicker, addressChange, llFilters, reqInfoButtonContainer, pbProgress, requestSend, user, version, bandwidth, cancelButton, serversContent, pricesPicker, citiesPicker, address, addressText, region, regionsPicker, addressChange, llFilters, reqInfoButtonContainer, pbProgress, requestSend, requestNumber, datecreated, address, car, price_group, chosen_group, arrive_time, remaining_time, rejectButton, editButton, feedBackButton, state, requests_table, pbProgress]
11:32:01.729 [pool-1-thread-2] DEBUG o.a.p.ModelValidator:62 - Validating with ClickHandler: [facebookButton(), newClient(), lostPassword(), userAgreement(), sendButton(), okButton(), requestButton(), requestSend(), addressChange(), addressImage(), okButton(), exitButton(), requestButton(), mapButton(), newRequestButton(), cancelButton(), refreshButton(), requestSend(), addressChange(), okButton(), rejectButton(), editButton(), feedBackButton(), backButton(), newRequests(), requestsHistory()]
11:32:01.743 [pool-1-thread-2] DEBUG o.a.p.ModelValidator:62 - Validating with FocusChangeHandler: [focusChangedOnUserNameField(android.view.View,boolean), focusChangedOnEmailField(android.view.View,boolean)]
11:32:01.745 [pool-1-thread-2] DEBUG o.a.p.ModelValidator:62 - Validating with ExtraHandler: [newUsers, carNumber, cars, newRequest, newCRequest, newCRequest]
11:32:01.745 [pool-1-thread-2] DEBUG o.a.p.ModelValidator:62 - Validating with OnActivityResultHandler: [onResult(int,android.content.Intent), onResult(), onResult()]
11:32:01.747 [pool-1-thread-2] DEBUG o.a.p.ModelValidator:62 - Validating with WindowFeatureHandler: [com.opentaxi.android.NewClientActivity, com.opentaxi.android.ServersActivity, com.opentaxi.android.RequestDetailsActivity]
11:32:01.748 [pool-1-thread-2] DEBUG o.a.p.ModelValidator:62 - Validating with AfterViewsHandler: [afterLoad(), afterLoad(), afterLoad(), afterRequestsActivity(), afterActivity(), afterMain(), afterServers(), afterActivity(), afterRequestsActivity(), afterRequestsActivity()]
11:32:01.748 [pool-1-thread-2] DEBUG o.a.p.ModelValidator:62 - Validating with UiThreadHandler: [showProgress(), hideProgress(), overFacebookLoginTime(java.lang.String), facebookUser(com.opentaxi.models.Users), setError(java.lang.String), result(java.lang.Boolean), finishThis(), setUserError(java.lang.String), setEmailError(java.lang.String), ActivationDialog(), showDetails(com.opentaxi.generated.mysql.tables.pojos.Cars), showCities(java.lang.String), showRegions(com.opentaxi.generated.mysql.tables.pojos.Regions[]), showGroups(com.opentaxi.generated.mysql.tables.pojos.Groups[]), showPrices(com.opentaxi.generated.mysql.tables.pojos.Groups[]), showAddress(com.opentaxi.generated.mysql.tables.pojos.NewRequest), SuccessDialog(), notSupporderDialog(), showCarPosition(com.opentaxi.generated.mysql.tables.pojos.Cars), showRequests(com.opentaxi.models.RequestCView), showTextCircle(com.opentaxi.generated.mysql.tables.pojos.NewRequest), afterLogin(java.lang.String), startUserPass(), createNotification(), updateVersionDialog(), startUpdate(), changeNetworkState(), showServers(boolean), loginError(java.lang.String), showCities(java.lang.String), showRegions(com.opentaxi.generated.mysql.tables.pojos.Regions[]), showGroups(com.opentaxi.generated.mysql.tables.pojos.Groups[]), showPrices(com.opentaxi.generated.mysql.tables.pojos.Groups[]), notSupporderDialog(), SuccessDialog(), showDetails(), showFeedBack(com.opentaxi.generated.mysql.tables.pojos.Feedback[]), setActivityTile(java.lang.String), showRequests(com.opentaxi.models.RequestCView)]
11:32:01.751 [pool-1-thread-2] DEBUG o.a.p.ModelValidator:62 - Validating with BackgroundHandler: [maxFacebookLoginTime(), checkFacebook(java.lang.String), login(java.lang.String,java.lang.String), lostPass(java.lang.String), checkUsername(java.lang.String), checkEmail(java.lang.String), createNewUser(com.opentaxi.models.NewUsers), setDetails(), setRegions(), setGroups(), setPrices(), setAddress(), sendRequest(com.opentaxi.models.NewRequest), showMyRequestsDelayed(), showMyRequests(), showCar(java.lang.String), showAddress(org.mapsforge.core.model.LatLong), beforeStartUserPass(), gcmRegister(), setServers(), sendVersion(java.lang.String,java.lang.Integer), downloadUpdate(), facebookLogout(), testServer(java.lang.String), updateServers(), login(), setRegions(), setGroups(), setPrices(), sendRequest(com.opentaxi.models.NewRequest), scheduleChangesSec(), scheduleChanges(), rejectRequest(java.lang.String), setFeedBack(), sendFeedBack(java.lang.String,java.util.Map<java.lang.Integer,java.lang.Float>), scheduleRequestSec(), scheduleRequest(), getRequests(), getRequestHistory()]
11:32:01.761 [pool-1-thread-2] INFO  o.a.p.ModelProcessor:73 - Processing root elements
11:32:01.761 [pool-1-thread-2] DEBUG o.a.p.ModelProcessor:80 - Processing root elements EActivityHandler: [com.opentaxi.android.BubbleOverlay, com.opentaxi.android.UserPassActivity, com.opentaxi.android.ServersActivity, com.opentaxi.android.MainActivity, com.opentaxi.android.NewRequestActivity, com.opentaxi.android.RequestsActivity, com.opentaxi.android.LongPressMapAction, com.opentaxi.android.NewClientActivity, com.opentaxi.android.RequestDetailsActivity, com.opentaxi.android.EditRequestActivity, com.opentaxi.android.LostPasswordActivity, com.opentaxi.android.CarDetailsActivity]
11:32:01.799 [pool-1-thread-2] INFO  o.a.p.ModelProcessor:104 - Processing enclosed elements
11:32:01.835 [pool-1-thread-2] INFO  o.a.AndroidAnnotationProcessor:259 - Number of files generated by AndroidAnnotations: 12
11:32:01.837 [pool-1-thread-2] INFO  o.a.g.ApiCodeGenerator:52 - Writting following API classes in project: [class org.androidannotations.api.BackgroundExecutor, class org.androidannotations.api.SdkVersionHelper]
11:32:01.841 [pool-1-thread-2] DEBUG o.a.g.SourceCodewriter:55 - Generating class: com.opentaxi.android.BubbleOverlay_
11:32:01.862 [pool-1-thread-2] DEBUG o.a.g.SourceCodewriter:55 - Generating class: com.opentaxi.android.CarDetailsActivity_
11:32:01.878 [pool-1-thread-2] DEBUG o.a.g.SourceCodewriter:55 - Generating class: com.opentaxi.android.EditRequestActivity_
11:32:01.894 [pool-1-thread-2] DEBUG o.a.g.SourceCodewriter:55 - Generating class: com.opentaxi.android.LongPressMapAction_
11:32:01.901 [pool-1-thread-2] DEBUG o.a.g.SourceCodewriter:55 - Generating class: com.opentaxi.android.LostPasswordActivity_
11:32:01.905 [pool-1-thread-2] DEBUG o.a.g.SourceCodewriter:55 - Generating class: com.opentaxi.android.MainActivity_
11:32:01.912 [pool-1-thread-2] DEBUG o.a.g.SourceCodewriter:55 - Generating class: com.opentaxi.android.NewClientActivity_
11:32:01.918 [pool-1-thread-2] DEBUG o.a.g.SourceCodewriter:55 - Generating class: com.opentaxi.android.NewRequestActivity_
11:32:01.925 [pool-1-thread-2] DEBUG o.a.g.SourceCodewriter:55 - Generating class: com.opentaxi.android.RequestDetailsActivity_
11:32:01.930 [pool-1-thread-2] DEBUG o.a.g.SourceCodewriter:55 - Generating class: com.opentaxi.android.RequestsActivity_
11:32:01.935 [pool-1-thread-2] DEBUG o.a.g.SourceCodewriter:55 - Generating class: com.opentaxi.android.ServersActivity_
11:32:01.937 [pool-1-thread-2] DEBUG o.a.g.SourceCodewriter:55 - Generating class: com.opentaxi.android.UserPassActivity_
11:32:01.941 [pool-1-thread-2] INFO  o.a.p.TimeStats:81 - Time measurements: [Whole Processing = 406 ms], [Extract Annotations = 131 ms], [Generate Sources = 106 ms], [Process Annotations = 82 ms], [Validate Annotations = 49 ms], [Find R Classes = 17 ms], [Extract Manifest = 14 ms], 
11:32:01.941 [pool-1-thread-2] INFO  o.a.AndroidAnnotationProcessor:131 - Finish processing
11:35:47.577 [pool-1-thread-2] INFO  o.a.AndroidAnnotationProcessor:86 - Initialize AndroidAnnotationProcessor with options {}
11:35:47.672 [pool-1-thread-2] INFO  o.a.AndroidAnnotationProcessor:117 - Start processing for 7 annotations on 1 elements
11:35:47.679 [pool-1-thread-2] DEBUG o.a.h.AndroidManifestFinder:137 - AndroidManifest.xml file found in parent folder /home/stanimir/Stil-Projects/TaxiAndroidOpen: /home/stanimir/Stil-Projects/TaxiAndroidOpen/AndroidManifest.xml
11:35:47.735 [pool-1-thread-2] INFO  o.a.AndroidAnnotationProcessor:180 - AndroidManifest.xml found: AndroidManifest [applicationPackage=com.opentaxi.android, componentQualifiedNames=[com.opentaxi.android.MainActivity_, com.opentaxi.android.UserPassActivity_, com.facebook.LoginActivity, com.opentaxi.android.NewClientActivity_, com.opentaxi.android.LostPasswordActivity_, com.opentaxi.android.MessageActivity, com.opentaxi.android.NewRequestActivity_, com.opentaxi.android.RequestsActivity_, com.opentaxi.android.EditRequestActivity_, com.opentaxi.android.RequestDetailsActivity_, com.opentaxi.android.CarDetailsActivity_, com.opentaxi.android.ServersActivity_, org.mapsforge.applications.android.mapbg.LocationOverlayMapViewer, com.opentaxi.android.BubbleOverlay_, com.opentaxi.android.LongPressMapAction_, org.mapsforge.applications.android.filepicker.FilePicker, org.mapsforge.applications.android.mapbg.Settings, com.opentaxi.android.GcmIntentService, com.littlefluffytoys.littlefluffylocationlibrary.LocationBroadcastService, com.opentaxi.android.GcmBroadcastReceiver, com.opentaxi.android.NetworkStateReceiver, com.littlefluffytoys.littlefluffylocationlibrary.PassiveLocationChangedReceiver, com.opentaxi.android.service.UserGpsBroadcastReceiver], permissionQualifiedNames=[android.permission.INTERNET, android.permission.GET_ACCOUNTS, android.permission.WAKE_LOCK, android.permission.ACCESS_COARSE_LOCATION, android.permission.ACCESS_FINE_LOCATION, android.permission.READ_PHONE_STATE, android.permission.READ_LOGS, android.permission.WRITE_EXTERNAL_STORAGE, android.permission.AUTHENTICATE_ACCOUNTS, com.opentaxi.android.permission.C2D_MESSAGE, com.google.android.c2dm.permission.RECEIVE, android.permission.ACCESS_NETWORK_STATE, android.permission.ACCESS_WIFI_STATE, android.permission.VIBRATE], applicationClassName=com.opentaxi.android.TaxiApplication, libraryProject=false, debugabble=false, minSdkVersion=8, maxSdkVersion=-1, targetSdkVersion=19]
11:35:47.736 [pool-1-thread-2] INFO  o.a.r.ProjectRClassFinder:48 - Found project R class: com.opentaxi.android.R
11:35:47.752 [pool-1-thread-2] INFO  o.a.r.AndroidRClassFinder:44 - Found Android class: android.R
11:35:47.823 [pool-1-thread-2] INFO  o.a.p.ModelValidator:42 - Validating elements
11:35:47.823 [pool-1-thread-2] DEBUG o.a.p.ModelValidator:62 - Validating with EActivityHandler: [com.opentaxi.android.ServersActivity]
11:35:47.830 [pool-1-thread-2] DEBUG o.a.p.ModelValidator:62 - Validating with ViewByIdHandler: [cancelButton, serversContent]
11:35:47.850 [pool-1-thread-2] DEBUG o.a.p.ModelValidator:62 - Validating with ClickHandler: [cancelButton(), refreshButton()]
11:35:47.855 [pool-1-thread-2] DEBUG o.a.p.ModelValidator:62 - Validating with WindowFeatureHandler: [com.opentaxi.android.ServersActivity]
11:35:47.856 [pool-1-thread-2] DEBUG o.a.p.ModelValidator:62 - Validating with AfterViewsHandler: [afterServers()]
11:35:47.856 [pool-1-thread-2] DEBUG o.a.p.ModelValidator:62 - Validating with UiThreadHandler: [showServers(boolean), loginError(java.lang.String)]
11:35:47.857 [pool-1-thread-2] DEBUG o.a.p.ModelValidator:62 - Validating with BackgroundHandler: [testServer(java.lang.String), updateServers(), login()]
11:35:47.870 [pool-1-thread-2] INFO  o.a.p.ModelProcessor:73 - Processing root elements
11:35:47.871 [pool-1-thread-2] DEBUG o.a.p.ModelProcessor:80 - Processing root elements EActivityHandler: [com.opentaxi.android.ServersActivity]
11:35:47.914 [pool-1-thread-2] INFO  o.a.p.ModelProcessor:104 - Processing enclosed elements
11:35:47.926 [pool-1-thread-2] INFO  o.a.AndroidAnnotationProcessor:259 - Number of files generated by AndroidAnnotations: 1
11:35:47.928 [pool-1-thread-2] INFO  o.a.g.ApiCodeGenerator:52 - Writting following API classes in project: [class org.androidannotations.api.BackgroundExecutor]
11:35:47.934 [pool-1-thread-2] DEBUG o.a.g.SourceCodewriter:55 - Generating class: com.opentaxi.android.ServersActivity_
11:35:47.984 [pool-1-thread-2] INFO  o.a.p.TimeStats:81 - Time measurements: [Whole Processing = 312 ms], [Find R Classes = 76 ms], [Process Annotations = 68 ms], [Extract Manifest = 58 ms], [Generate Sources = 58 ms], [Validate Annotations = 36 ms], [Extract Annotations = 5 ms], 
11:35:47.984 [pool-1-thread-2] INFO  o.a.AndroidAnnotationProcessor:131 - Finish processing
12:06:08.178 [pool-1-thread-2] INFO  o.a.AndroidAnnotationProcessor:86 - Initialize AndroidAnnotationProcessor with options {}
12:06:08.281 [pool-1-thread-2] INFO  o.a.AndroidAnnotationProcessor:117 - Start processing for 5 annotations on 2 elements
12:06:08.290 [pool-1-thread-2] DEBUG o.a.h.AndroidManifestFinder:137 - AndroidManifest.xml file found in parent folder /home/stanimir/Stil-Projects/TaxiAndroidOpen: /home/stanimir/Stil-Projects/TaxiAndroidOpen/AndroidManifest.xml
12:06:08.340 [pool-1-thread-2] INFO  o.a.AndroidAnnotationProcessor:180 - AndroidManifest.xml found: AndroidManifest [applicationPackage=com.opentaxi.android, componentQualifiedNames=[com.opentaxi.android.MainActivity_, com.opentaxi.android.UserPassActivity_, com.facebook.LoginActivity, com.opentaxi.android.NewClientActivity_, com.opentaxi.android.LostPasswordActivity_, com.opentaxi.android.MessageActivity, com.opentaxi.android.NewRequestActivity_, com.opentaxi.android.RequestsActivity_, com.opentaxi.android.EditRequestActivity_, com.opentaxi.android.RequestDetailsActivity_, com.opentaxi.android.CarDetailsActivity_, com.opentaxi.android.ServersActivity_, org.mapsforge.applications.android.mapbg.LocationOverlayMapViewer, com.opentaxi.android.BubbleOverlay_, com.opentaxi.android.LongPressMapAction_, org.mapsforge.applications.android.filepicker.FilePicker, org.mapsforge.applications.android.mapbg.Settings, com.opentaxi.android.GcmIntentService, com.littlefluffytoys.littlefluffylocationlibrary.LocationBroadcastService, com.opentaxi.android.GcmBroadcastReceiver, com.opentaxi.android.NetworkStateReceiver, com.littlefluffytoys.littlefluffylocationlibrary.PassiveLocationChangedReceiver, com.opentaxi.android.service.UserGpsBroadcastReceiver], permissionQualifiedNames=[android.permission.INTERNET, android.permission.GET_ACCOUNTS, android.permission.WAKE_LOCK, android.permission.ACCESS_COARSE_LOCATION, android.permission.ACCESS_FINE_LOCATION, android.permission.READ_PHONE_STATE, android.permission.READ_LOGS, android.permission.WRITE_EXTERNAL_STORAGE, android.permission.AUTHENTICATE_ACCOUNTS, com.opentaxi.android.permission.C2D_MESSAGE, com.google.android.c2dm.permission.RECEIVE, android.permission.ACCESS_NETWORK_STATE, android.permission.ACCESS_WIFI_STATE, android.permission.VIBRATE], applicationClassName=com.opentaxi.android.TaxiApplication, libraryProject=false, debugabble=false, minSdkVersion=8, maxSdkVersion=-1, targetSdkVersion=19]
12:06:08.341 [pool-1-thread-2] INFO  o.a.r.ProjectRClassFinder:48 - Found project R class: com.opentaxi.android.R
12:06:08.356 [pool-1-thread-2] INFO  o.a.r.AndroidRClassFinder:44 - Found Android class: android.R
12:06:08.395 [pool-1-thread-2] INFO  o.a.p.ModelValidator:42 - Validating elements
12:06:08.395 [pool-1-thread-2] DEBUG o.a.p.ModelValidator:62 - Validating with EActivityHandler: [com.opentaxi.android.LongPressMapAction, com.opentaxi.android.BubbleOverlay]
12:06:08.402 [pool-1-thread-2] DEBUG o.a.p.ModelValidator:62 - Validating with ClickHandler: [okButton()]
12:06:08.406 [pool-1-thread-2] DEBUG o.a.p.ModelValidator:62 - Validating with ExtraHandler: [newRequest]
12:06:08.407 [pool-1-thread-2] DEBUG o.a.p.ModelValidator:62 - Validating with UiThreadHandler: [showTextCircle(com.opentaxi.generated.mysql.tables.pojos.NewRequest), showCarPosition(com.opentaxi.generated.mysql.tables.pojos.Cars), showRequests(com.opentaxi.models.RequestCView)]
12:06:08.408 [pool-1-thread-2] DEBUG o.a.p.ModelValidator:62 - Validating with BackgroundHandler: [showAddress(org.mapsforge.core.model.LatLong), showMyRequestsDelayed(), showMyRequests(), showCar(java.lang.String)]
12:06:08.421 [pool-1-thread-2] INFO  o.a.p.ModelProcessor:73 - Processing root elements
12:06:08.422 [pool-1-thread-2] DEBUG o.a.p.ModelProcessor:80 - Processing root elements EActivityHandler: [com.opentaxi.android.BubbleOverlay, com.opentaxi.android.LongPressMapAction]
12:06:08.477 [pool-1-thread-2] INFO  o.a.p.ModelProcessor:104 - Processing enclosed elements
12:06:08.497 [pool-1-thread-2] INFO  o.a.AndroidAnnotationProcessor:259 - Number of files generated by AndroidAnnotations: 2
12:06:08.500 [pool-1-thread-2] INFO  o.a.g.ApiCodeGenerator:52 - Writting following API classes in project: [class org.androidannotations.api.BackgroundExecutor]
12:06:08.507 [pool-1-thread-2] DEBUG o.a.g.SourceCodewriter:55 - Generating class: com.opentaxi.android.BubbleOverlay_
12:06:08.580 [pool-1-thread-2] DEBUG o.a.g.SourceCodewriter:55 - Generating class: com.opentaxi.android.LongPressMapAction_
12:06:08.680 [pool-1-thread-2] INFO  o.a.p.TimeStats:81 - Time measurements: [Whole Processing = 399 ms], [Generate Sources = 183 ms], [Process Annotations = 88 ms], [Extract Manifest = 52 ms], [Find R Classes = 44 ms], [Validate Annotations = 15 ms], [Extract Annotations = 5 ms], 
12:06:08.680 [pool-1-thread-2] INFO  o.a.AndroidAnnotationProcessor:131 - Finish processing
12:15:45.898 [pool-1-thread-2] INFO  o.a.AndroidAnnotationProcessor:86 - Initialize AndroidAnnotationProcessor with options {}
12:17:03.937 [pool-1-thread-2] INFO  o.a.AndroidAnnotationProcessor:86 - Initialize AndroidAnnotationProcessor with options {}
12:38:02.156 [pool-1-thread-2] INFO  o.a.AndroidAnnotationProcessor:86 - Initialize AndroidAnnotationProcessor with options {}
12:38:02.236 [pool-1-thread-2] INFO  o.a.AndroidAnnotationProcessor:117 - Start processing for 6 annotations on 1 elements
12:38:02.245 [pool-1-thread-2] DEBUG o.a.h.AndroidManifestFinder:137 - AndroidManifest.xml file found in parent folder /home/stanimir/Stil-Projects/TaxiAndroidOpen: /home/stanimir/Stil-Projects/TaxiAndroidOpen/AndroidManifest.xml
12:38:02.300 [pool-1-thread-2] INFO  o.a.AndroidAnnotationProcessor:180 - AndroidManifest.xml found: AndroidManifest [applicationPackage=com.opentaxi.android, componentQualifiedNames=[com.opentaxi.android.MainActivity_, com.opentaxi.android.UserPassActivity_, com.facebook.LoginActivity, com.opentaxi.android.NewClientActivity_, com.opentaxi.android.LostPasswordActivity_, com.opentaxi.android.MessageActivity, com.opentaxi.android.NewRequestActivity_, com.opentaxi.android.RequestsActivity_, com.opentaxi.android.EditRequestActivity_, com.opentaxi.android.RequestDetailsActivity_, com.opentaxi.android.CarDetailsActivity_, com.opentaxi.android.ServersActivity_, org.mapsforge.applications.android.mapbg.LocationOverlayMapViewer, com.opentaxi.android.BubbleOverlay_, com.opentaxi.android.LongPressMapAction_, org.mapsforge.applications.android.filepicker.FilePicker, org.mapsforge.applications.android.mapbg.Settings, com.opentaxi.android.GcmIntentService, com.littlefluffytoys.littlefluffylocationlibrary.LocationBroadcastService, com.opentaxi.android.GcmBroadcastReceiver, com.opentaxi.android.NetworkStateReceiver, com.littlefluffytoys.littlefluffylocationlibrary.PassiveLocationChangedReceiver, com.opentaxi.android.service.UserGpsBroadcastReceiver], permissionQualifiedNames=[android.permission.INTERNET, android.permission.GET_ACCOUNTS, android.permission.WAKE_LOCK, android.permission.ACCESS_COARSE_LOCATION, android.permission.ACCESS_FINE_LOCATION, android.permission.READ_PHONE_STATE, android.permission.READ_LOGS, android.permission.WRITE_EXTERNAL_STORAGE, android.permission.AUTHENTICATE_ACCOUNTS, com.opentaxi.android.permission.C2D_MESSAGE, com.google.android.c2dm.permission.RECEIVE, android.permission.ACCESS_NETWORK_STATE, android.permission.ACCESS_WIFI_STATE, android.permission.VIBRATE], applicationClassName=com.opentaxi.android.TaxiApplication, libraryProject=false, debugabble=false, minSdkVersion=8, maxSdkVersion=-1, targetSdkVersion=19]
12:38:02.301 [pool-1-thread-2] INFO  o.a.r.ProjectRClassFinder:48 - Found project R class: com.opentaxi.android.R
12:38:02.314 [pool-1-thread-2] INFO  o.a.r.AndroidRClassFinder:44 - Found Android class: android.R
12:38:02.355 [pool-1-thread-2] INFO  o.a.p.ModelValidator:42 - Validating elements
12:38:02.355 [pool-1-thread-2] DEBUG o.a.p.ModelValidator:62 - Validating with EActivityHandler: [com.opentaxi.android.MainActivity]
12:38:02.360 [pool-1-thread-2] DEBUG o.a.p.ModelValidator:62 - Validating with ViewByIdHandler: [user, version, bandwidth]
12:38:02.363 [pool-1-thread-2] DEBUG o.a.p.ModelValidator:62 - Validating with ClickHandler: [exitButton(), requestButton(), mapButton(), newRequestButton()]
12:38:02.369 [pool-1-thread-2] DEBUG o.a.p.ModelValidator:62 - Validating with AfterViewsHandler: [afterMain()]
12:38:02.370 [pool-1-thread-2] DEBUG o.a.p.ModelValidator:62 - Validating with UiThreadHandler: [afterLogin(java.lang.String), startUserPass(), createNotification(), updateVersionDialog(), startUpdate(), changeNetworkState()]
12:38:02.371 [pool-1-thread-2] DEBUG o.a.p.ModelValidator:62 - Validating with BackgroundHandler: [beforeStartUserPass(), gcmRegister(), setServers(), sendVersion(java.lang.String,java.lang.Integer), downloadUpdate(), facebookLogout()]
12:38:02.382 [pool-1-thread-2] INFO  o.a.p.ModelProcessor:73 - Processing root elements
12:38:02.382 [pool-1-thread-2] DEBUG o.a.p.ModelProcessor:80 - Processing root elements EActivityHandler: [com.opentaxi.android.MainActivity]
12:38:02.416 [pool-1-thread-2] INFO  o.a.p.ModelProcessor:104 - Processing enclosed elements
12:38:02.432 [pool-1-thread-2] INFO  o.a.AndroidAnnotationProcessor:259 - Number of files generated by AndroidAnnotations: 1
12:38:02.434 [pool-1-thread-2] INFO  o.a.g.ApiCodeGenerator:52 - Writting following API classes in project: [class org.androidannotations.api.BackgroundExecutor]
12:38:02.441 [pool-1-thread-2] DEBUG o.a.g.SourceCodewriter:55 - Generating class: com.opentaxi.android.MainActivity_
12:38:02.489 [pool-1-thread-2] INFO  o.a.p.TimeStats:81 - Time measurements: [Whole Processing = 254 ms], [Process Annotations = 60 ms], [Extract Manifest = 57 ms], [Generate Sources = 57 ms], [Find R Classes = 46 ms], [Validate Annotations = 18 ms], [Extract Annotations = 6 ms], 
12:38:02.490 [pool-1-thread-2] INFO  o.a.AndroidAnnotationProcessor:131 - Finish processing
12:38:19.866 [pool-1-thread-2] INFO  o.a.AndroidAnnotationProcessor:86 - Initialize AndroidAnnotationProcessor with options {}
12:38:19.928 [pool-1-thread-2] INFO  o.a.AndroidAnnotationProcessor:117 - Start processing for 6 annotations on 1 elements
12:38:19.934 [pool-1-thread-2] DEBUG o.a.h.AndroidManifestFinder:137 - AndroidManifest.xml file found in parent folder /home/stanimir/Stil-Projects/TaxiAndroidOpen: /home/stanimir/Stil-Projects/TaxiAndroidOpen/AndroidManifest.xml
12:38:19.987 [pool-1-thread-2] INFO  o.a.AndroidAnnotationProcessor:180 - AndroidManifest.xml found: AndroidManifest [applicationPackage=com.opentaxi.android, componentQualifiedNames=[com.opentaxi.android.MainActivity_, com.opentaxi.android.UserPassActivity_, com.facebook.LoginActivity, com.opentaxi.android.NewClientActivity_, com.opentaxi.android.LostPasswordActivity_, com.opentaxi.android.MessageActivity, com.opentaxi.android.NewRequestActivity_, com.opentaxi.android.RequestsActivity_, com.opentaxi.android.EditRequestActivity_, com.opentaxi.android.RequestDetailsActivity_, com.opentaxi.android.CarDetailsActivity_, com.opentaxi.android.ServersActivity_, org.mapsforge.applications.android.mapbg.LocationOverlayMapViewer, com.opentaxi.android.BubbleOverlay_, com.opentaxi.android.LongPressMapAction_, org.mapsforge.applications.android.filepicker.FilePicker, org.mapsforge.applications.android.mapbg.Settings, com.opentaxi.android.GcmIntentService, com.littlefluffytoys.littlefluffylocationlibrary.LocationBroadcastService, com.opentaxi.android.GcmBroadcastReceiver, com.opentaxi.android.NetworkStateReceiver, com.littlefluffytoys.littlefluffylocationlibrary.PassiveLocationChangedReceiver, com.opentaxi.android.service.UserGpsBroadcastReceiver], permissionQualifiedNames=[android.permission.INTERNET, android.permission.GET_ACCOUNTS, android.permission.WAKE_LOCK, android.permission.ACCESS_COARSE_LOCATION, android.permission.ACCESS_FINE_LOCATION, android.permission.READ_PHONE_STATE, android.permission.READ_LOGS, android.permission.WRITE_EXTERNAL_STORAGE, android.permission.AUTHENTICATE_ACCOUNTS, com.opentaxi.android.permission.C2D_MESSAGE, com.google.android.c2dm.permission.RECEIVE, android.permission.ACCESS_NETWORK_STATE, android.permission.ACCESS_WIFI_STATE, android.permission.VIBRATE], applicationClassName=com.opentaxi.android.TaxiApplication, libraryProject=false, debugabble=false, minSdkVersion=8, maxSdkVersion=-1, targetSdkVersion=19]
12:38:19.988 [pool-1-thread-2] INFO  o.a.r.ProjectRClassFinder:48 - Found project R class: com.opentaxi.android.R
12:38:19.998 [pool-1-thread-2] INFO  o.a.r.AndroidRClassFinder:44 - Found Android class: android.R
12:38:20.28 [pool-1-thread-2] INFO  o.a.p.ModelValidator:42 - Validating elements
12:38:20.28 [pool-1-thread-2] DEBUG o.a.p.ModelValidator:62 - Validating with EActivityHandler: [com.opentaxi.android.MainActivity]
12:38:20.33 [pool-1-thread-2] DEBUG o.a.p.ModelValidator:62 - Validating with ViewByIdHandler: [user, version, bandwidth]
12:38:20.36 [pool-1-thread-2] DEBUG o.a.p.ModelValidator:62 - Validating with ClickHandler: [exitButton(), requestButton(), mapButton(), newRequestButton()]
12:38:20.42 [pool-1-thread-2] DEBUG o.a.p.ModelValidator:62 - Validating with AfterViewsHandler: [afterMain()]
12:38:20.42 [pool-1-thread-2] DEBUG o.a.p.ModelValidator:62 - Validating with UiThreadHandler: [afterLogin(java.lang.String), startUserPass(), createNotification(), updateVersionDialog(), startUpdate(), changeNetworkState()]
12:38:20.43 [pool-1-thread-2] DEBUG o.a.p.ModelValidator:62 - Validating with BackgroundHandler: [beforeStartUserPass(), gcmRegister(), setServers(), sendVersion(java.lang.String,java.lang.Integer), downloadUpdate(), facebookLogout()]
12:38:20.53 [pool-1-thread-2] INFO  o.a.p.ModelProcessor:73 - Processing root elements
12:38:20.53 [pool-1-thread-2] DEBUG o.a.p.ModelProcessor:80 - Processing root elements EActivityHandler: [com.opentaxi.android.MainActivity]
12:38:20.81 [pool-1-thread-2] INFO  o.a.p.ModelProcessor:104 - Processing enclosed elements
12:38:20.92 [pool-1-thread-2] INFO  o.a.AndroidAnnotationProcessor:259 - Number of files generated by AndroidAnnotations: 1
12:38:20.93 [pool-1-thread-2] INFO  o.a.g.ApiCodeGenerator:52 - Writting following API classes in project: [class org.androidannotations.api.BackgroundExecutor, class org.androidannotations.api.SdkVersionHelper]
12:38:20.99 [pool-1-thread-2] DEBUG o.a.g.SourceCodewriter:55 - Generating class: com.opentaxi.android.MainActivity_
12:38:20.146 [pool-1-thread-2] INFO  o.a.p.TimeStats:81 - Time measurements: [Whole Processing = 218 ms], [Generate Sources = 54 ms], [Extract Manifest = 53 ms], [Process Annotations = 48 ms], [Find R Classes = 32 ms], [Validate Annotations = 17 ms], [Extract Annotations = 4 ms], 
12:38:20.146 [pool-1-thread-2] INFO  o.a.AndroidAnnotationProcessor:131 - Finish processing
12:39:06.427 [pool-1-thread-2] INFO  o.a.AndroidAnnotationProcessor:86 - Initialize AndroidAnnotationProcessor with options {}
12:39:06.496 [pool-1-thread-2] INFO  o.a.AndroidAnnotationProcessor:117 - Start processing for 6 annotations on 1 elements
12:39:06.505 [pool-1-thread-2] DEBUG o.a.h.AndroidManifestFinder:137 - AndroidManifest.xml file found in parent folder /home/stanimir/Stil-Projects/TaxiAndroidOpen: /home/stanimir/Stil-Projects/TaxiAndroidOpen/AndroidManifest.xml
12:39:06.556 [pool-1-thread-2] INFO  o.a.AndroidAnnotationProcessor:180 - AndroidManifest.xml found: AndroidManifest [applicationPackage=com.opentaxi.android, componentQualifiedNames=[com.opentaxi.android.MainActivity_, com.opentaxi.android.UserPassActivity_, com.facebook.LoginActivity, com.opentaxi.android.NewClientActivity_, com.opentaxi.android.LostPasswordActivity_, com.opentaxi.android.MessageActivity, com.opentaxi.android.NewRequestActivity_, com.opentaxi.android.RequestsActivity_, com.opentaxi.android.EditRequestActivity_, com.opentaxi.android.RequestDetailsActivity_, com.opentaxi.android.CarDetailsActivity_, com.opentaxi.android.ServersActivity_, org.mapsforge.applications.android.mapbg.LocationOverlayMapViewer, com.opentaxi.android.BubbleOverlay_, com.opentaxi.android.LongPressMapAction_, org.mapsforge.applications.android.filepicker.FilePicker, org.mapsforge.applications.android.mapbg.Settings, com.opentaxi.android.GcmIntentService, com.littlefluffytoys.littlefluffylocationlibrary.LocationBroadcastService, com.opentaxi.android.GcmBroadcastReceiver, com.opentaxi.android.NetworkStateReceiver, com.littlefluffytoys.littlefluffylocationlibrary.PassiveLocationChangedReceiver, com.opentaxi.android.service.UserGpsBroadcastReceiver], permissionQualifiedNames=[android.permission.INTERNET, android.permission.GET_ACCOUNTS, android.permission.WAKE_LOCK, android.permission.ACCESS_COARSE_LOCATION, android.permission.ACCESS_FINE_LOCATION, android.permission.READ_PHONE_STATE, android.permission.READ_LOGS, android.permission.WRITE_EXTERNAL_STORAGE, android.permission.AUTHENTICATE_ACCOUNTS, com.opentaxi.android.permission.C2D_MESSAGE, com.google.android.c2dm.permission.RECEIVE, android.permission.ACCESS_NETWORK_STATE, android.permission.ACCESS_WIFI_STATE, android.permission.VIBRATE], applicationClassName=com.opentaxi.android.TaxiApplication, libraryProject=false, debugabble=false, minSdkVersion=8, maxSdkVersion=-1, targetSdkVersion=19]
12:39:06.557 [pool-1-thread-2] INFO  o.a.r.ProjectRClassFinder:48 - Found project R class: com.opentaxi.android.R
12:39:06.572 [pool-1-thread-2] INFO  o.a.r.AndroidRClassFinder:44 - Found Android class: android.R
12:39:06.616 [pool-1-thread-2] INFO  o.a.p.ModelValidator:42 - Validating elements
12:39:06.617 [pool-1-thread-2] DEBUG o.a.p.ModelValidator:62 - Validating with EActivityHandler: [com.opentaxi.android.UserPassActivity]
12:39:06.621 [pool-1-thread-2] DEBUG o.a.p.ModelValidator:62 - Validating with ViewByIdHandler: [userName, pass, pbProgress, loginLayout]
12:39:06.629 [pool-1-thread-2] DEBUG o.a.p.ModelValidator:62 - Validating with ClickHandler: [facebookButton(), newClient(), lostPassword()]
12:39:06.634 [pool-1-thread-2] DEBUG o.a.p.ModelValidator:62 - Validating with AfterViewsHandler: [afterLoad()]
12:39:06.634 [pool-1-thread-2] DEBUG o.a.p.ModelValidator:62 - Validating with UiThreadHandler: [showProgress(), hideProgress(), overFacebookLoginTime(java.lang.String), facebookUser(com.opentaxi.models.Users), setError(java.lang.String)]
12:39:06.635 [pool-1-thread-2] DEBUG o.a.p.ModelValidator:62 - Validating with BackgroundHandler: [maxFacebookLoginTime(), checkFacebook(java.lang.String), login(java.lang.String,java.lang.String)]
12:39:06.644 [pool-1-thread-2] INFO  o.a.p.ModelProcessor:73 - Processing root elements
12:39:06.644 [pool-1-thread-2] DEBUG o.a.p.ModelProcessor:80 - Processing root elements EActivityHandler: [com.opentaxi.android.UserPassActivity]
12:39:06.678 [pool-1-thread-2] INFO  o.a.p.ModelProcessor:104 - Processing enclosed elements
12:39:06.690 [pool-1-thread-2] INFO  o.a.AndroidAnnotationProcessor:259 - Number of files generated by AndroidAnnotations: 1
12:39:06.692 [pool-1-thread-2] INFO  o.a.g.ApiCodeGenerator:52 - Writting following API classes in project: [class org.androidannotations.api.SdkVersionHelper, class org.androidannotations.api.BackgroundExecutor]
12:39:06.698 [pool-1-thread-2] DEBUG o.a.g.SourceCodewriter:55 - Generating class: com.opentaxi.android.UserPassActivity_
12:39:06.755 [pool-1-thread-2] INFO  o.a.p.TimeStats:81 - Time measurements: [Whole Processing = 258 ms], [Generate Sources = 64 ms], [Process Annotations = 54 ms], [Extract Manifest = 53 ms], [Find R Classes = 50 ms], [Validate Annotations = 20 ms], [Extract Annotations = 5 ms], 
12:39:06.755 [pool-1-thread-2] INFO  o.a.AndroidAnnotationProcessor:131 - Finish processing
12:43:24.233 [pool-1-thread-2] INFO  o.a.AndroidAnnotationProcessor:86 - Initialize AndroidAnnotationProcessor with options {}
12:43:24.307 [pool-1-thread-2] INFO  o.a.AndroidAnnotationProcessor:117 - Start processing for 10 annotations on 63 elements
12:43:24.455 [pool-1-thread-2] DEBUG o.a.h.AndroidManifestFinder:137 - AndroidManifest.xml file found in parent folder /home/stanimir/Stil-Projects/TaxiAndroidOpen: /home/stanimir/Stil-Projects/TaxiAndroidOpen/AndroidManifest.xml
12:43:24.468 [pool-1-thread-2] INFO  o.a.AndroidAnnotationProcessor:180 - AndroidManifest.xml found: AndroidManifest [applicationPackage=com.opentaxi.android, componentQualifiedNames=[com.opentaxi.android.MainActivity_, com.opentaxi.android.UserPassActivity_, com.facebook.LoginActivity, com.opentaxi.android.NewClientActivity_, com.opentaxi.android.LostPasswordActivity_, com.opentaxi.android.MessageActivity, com.opentaxi.android.NewRequestActivity_, com.opentaxi.android.RequestsActivity_, com.opentaxi.android.EditRequestActivity_, com.opentaxi.android.RequestDetailsActivity_, com.opentaxi.android.CarDetailsActivity_, com.opentaxi.android.ServersActivity_, org.mapsforge.applications.android.mapbg.LocationOverlayMapViewer, com.opentaxi.android.BubbleOverlay_, com.opentaxi.android.LongPressMapAction_, org.mapsforge.applications.android.filepicker.FilePicker, org.mapsforge.applications.android.mapbg.Settings, com.opentaxi.android.GcmIntentService, com.littlefluffytoys.littlefluffylocationlibrary.LocationBroadcastService, com.opentaxi.android.GcmBroadcastReceiver, com.opentaxi.android.NetworkStateReceiver, com.littlefluffytoys.littlefluffylocationlibrary.PassiveLocationChangedReceiver, com.opentaxi.android.service.UserGpsBroadcastReceiver], permissionQualifiedNames=[android.permission.INTERNET, android.permission.GET_ACCOUNTS, android.permission.WAKE_LOCK, android.permission.ACCESS_COARSE_LOCATION, android.permission.ACCESS_FINE_LOCATION, android.permission.READ_PHONE_STATE, android.permission.READ_LOGS, android.permission.WRITE_EXTERNAL_STORAGE, android.permission.AUTHENTICATE_ACCOUNTS, com.opentaxi.android.permission.C2D_MESSAGE, com.google.android.c2dm.permission.RECEIVE, android.permission.ACCESS_NETWORK_STATE, android.permission.ACCESS_WIFI_STATE, android.permission.VIBRATE], applicationClassName=com.opentaxi.android.TaxiApplication, libraryProject=false, debugabble=false, minSdkVersion=8, maxSdkVersion=-1, targetSdkVersion=19]
12:43:24.469 [pool-1-thread-2] INFO  o.a.r.ProjectRClassFinder:48 - Found project R class: com.opentaxi.android.R
12:43:24.477 [pool-1-thread-2] INFO  o.a.r.AndroidRClassFinder:44 - Found Android class: android.R
12:43:24.494 [pool-1-thread-2] INFO  o.a.p.ModelValidator:42 - Validating elements
12:43:24.495 [pool-1-thread-2] DEBUG o.a.p.ModelValidator:62 - Validating with EActivityHandler: [com.opentaxi.android.UserPassActivity, com.opentaxi.android.LostPasswordActivity, com.opentaxi.android.NewClientActivity, com.opentaxi.android.CarDetailsActivity, com.opentaxi.android.NewRequestActivity, com.opentaxi.android.BubbleOverlay, com.opentaxi.android.LongPressMapAction, com.opentaxi.android.MainActivity, com.opentaxi.android.ServersActivity, com.opentaxi.android.EditRequestActivity, com.opentaxi.android.RequestDetailsActivity, com.opentaxi.android.RequestsActivity]
12:43:24.500 [pool-1-thread-2] DEBUG o.a.p.ModelValidator:62 - Validating with ViewByIdHandler: [userName, pass, pbProgress, loginLayout, userEmailField, sendButton, userName, pass, pass2, passwordHint, nameField, middleName, lastName, cityName, phoneNumber, email, iAgreeCheckBox, carNumberView, driver, rating, requestButton, pricesPicker, address, addressText, citiesPicker, region, regionsPicker, addressChange, llFilters, reqInfoButtonContainer, pbProgress, requestSend, user, version, bandwidth, cancelButton, serversContent, pricesPicker, citiesPicker, address, addressText, region, regionsPicker, addressChange, llFilters, reqInfoButtonContainer, pbProgress, requestSend, requestNumber, datecreated, address, car, price_group, chosen_group, arrive_time, remaining_time, rejectButton, editButton, feedBackButton, state, requests_table, pbProgress]
12:43:24.515 [pool-1-thread-2] DEBUG o.a.p.ModelValidator:62 - Validating with ClickHandler: [facebookButton(), newClient(), lostPassword(), userAgreement(), sendButton(), okButton(), requestButton(), requestSend(), addressChange(), addressImage(), okButton(), exitButton(), requestButton(), mapButton(), newRequestButton(), cancelButton(), refreshButton(), requestSend(), addressChange(), okButton(), rejectButton(), editButton(), feedBackButton(), backButton(), newRequests(), requestsHistory()]
12:43:24.531 [pool-1-thread-2] DEBUG o.a.p.ModelValidator:62 - Validating with FocusChangeHandler: [focusChangedOnUserNameField(android.view.View,boolean), focusChangedOnEmailField(android.view.View,boolean)]
12:43:24.534 [pool-1-thread-2] DEBUG o.a.p.ModelValidator:62 - Validating with ExtraHandler: [newUsers, carNumber, cars, newRequest, newCRequest, newCRequest]
12:43:24.534 [pool-1-thread-2] DEBUG o.a.p.ModelValidator:62 - Validating with OnActivityResultHandler: [onResult(int,android.content.Intent), onResult(), onResult()]
12:43:24.541 [pool-1-thread-2] DEBUG o.a.p.ModelValidator:62 - Validating with WindowFeatureHandler: [com.opentaxi.android.NewClientActivity, com.opentaxi.android.ServersActivity, com.opentaxi.android.RequestDetailsActivity]
12:43:24.541 [pool-1-thread-2] DEBUG o.a.p.ModelValidator:62 - Validating with AfterViewsHandler: [afterLoad(), afterLoad(), afterLoad(), afterRequestsActivity(), afterActivity(), afterMain(), afterServers(), afterActivity(), afterRequestsActivity(), afterRequestsActivity()]
12:43:24.542 [pool-1-thread-2] DEBUG o.a.p.ModelValidator:62 - Validating with UiThreadHandler: [showProgress(), hideProgress(), overFacebookLoginTime(java.lang.String), facebookUser(com.opentaxi.models.Users), setError(java.lang.String), result(java.lang.Boolean), finishThis(), setUserError(java.lang.String), setEmailError(java.lang.String), ActivationDialog(), showDetails(com.opentaxi.generated.mysql.tables.pojos.Cars), showCities(java.lang.String), showRegions(com.opentaxi.generated.mysql.tables.pojos.Regions[]), showGroups(com.opentaxi.generated.mysql.tables.pojos.Groups[]), showPrices(com.opentaxi.generated.mysql.tables.pojos.Groups[]), showAddress(com.opentaxi.generated.mysql.tables.pojos.NewRequest), SuccessDialog(), notSupporderDialog(), showCarPosition(com.opentaxi.generated.mysql.tables.pojos.Cars), showRequests(com.opentaxi.models.RequestCView), showTextCircle(com.opentaxi.generated.mysql.tables.pojos.NewRequest), afterLogin(java.lang.String), startUserPass(), createNotification(), updateVersionDialog(), startUpdate(), changeNetworkState(), showServers(boolean), loginError(java.lang.String), showCities(java.lang.String), showRegions(com.opentaxi.generated.mysql.tables.pojos.Regions[]), showGroups(com.opentaxi.generated.mysql.tables.pojos.Groups[]), showPrices(com.opentaxi.generated.mysql.tables.pojos.Groups[]), notSupporderDialog(), SuccessDialog(), showDetails(), showFeedBack(com.opentaxi.generated.mysql.tables.pojos.Feedback[]), setActivityTile(java.lang.String), showRequests(com.opentaxi.models.RequestCView)]
12:43:24.546 [pool-1-thread-2] DEBUG o.a.p.ModelValidator:62 - Validating with BackgroundHandler: [maxFacebookLoginTime(), checkFacebook(java.lang.String), login(java.lang.String,java.lang.String), lostPass(java.lang.String), checkUsername(java.lang.String), checkEmail(java.lang.String), createNewUser(com.opentaxi.models.NewUsers), setDetails(), setRegions(), setGroups(), setPrices(), setAddress(), sendRequest(com.opentaxi.models.NewRequest), showMyRequestsDelayed(), showMyRequests(), showCar(java.lang.String), showAddress(org.mapsforge.core.model.LatLong), beforeStartUserPass(), gcmRegister(), setServers(), sendVersion(java.lang.String,java.lang.Integer), downloadUpdate(), facebookLogout(), testServer(java.lang.String), updateServers(), login(), setRegions(), setGroups(), setPrices(), sendRequest(com.opentaxi.models.NewRequest), scheduleChangesSec(), scheduleChanges(), rejectRequest(java.lang.String), setFeedBack(), sendFeedBack(java.lang.String,java.util.Map<java.lang.Integer,java.lang.Float>), scheduleRequestSec(), scheduleRequest(), getRequests(), getRequestHistory()]
12:43:24.561 [pool-1-thread-2] INFO  o.a.p.ModelProcessor:73 - Processing root elements
12:43:24.562 [pool-1-thread-2] DEBUG o.a.p.ModelProcessor:80 - Processing root elements EActivityHandler: [com.opentaxi.android.RequestDetailsActivity, com.opentaxi.android.NewClientActivity, com.opentaxi.android.EditRequestActivity, com.opentaxi.android.NewRequestActivity, com.opentaxi.android.CarDetailsActivity, com.opentaxi.android.LostPasswordActivity, com.opentaxi.android.LongPressMapAction, com.opentaxi.android.BubbleOverlay, com.opentaxi.android.RequestsActivity, com.opentaxi.android.ServersActivity, com.opentaxi.android.UserPassActivity, com.opentaxi.android.MainActivity]
12:43:24.629 [pool-1-thread-2] INFO  o.a.p.ModelProcessor:104 - Processing enclosed elements
12:43:24.686 [pool-1-thread-2] INFO  o.a.AndroidAnnotationProcessor:259 - Number of files generated by AndroidAnnotations: 12
12:43:24.688 [pool-1-thread-2] INFO  o.a.g.ApiCodeGenerator:52 - Writting following API classes in project: [class org.androidannotations.api.SdkVersionHelper, class org.androidannotations.api.BackgroundExecutor]
12:43:24.693 [pool-1-thread-2] DEBUG o.a.g.SourceCodewriter:55 - Generating class: com.opentaxi.android.BubbleOverlay_
12:43:24.716 [pool-1-thread-2] DEBUG o.a.g.SourceCodewriter:55 - Generating class: com.opentaxi.android.CarDetailsActivity_
12:43:24.733 [pool-1-thread-2] DEBUG o.a.g.SourceCodewriter:55 - Generating class: com.opentaxi.android.EditRequestActivity_
12:43:24.748 [pool-1-thread-2] DEBUG o.a.g.SourceCodewriter:55 - Generating class: com.opentaxi.android.LongPressMapAction_
12:43:24.753 [pool-1-thread-2] DEBUG o.a.g.SourceCodewriter:55 - Generating class: com.opentaxi.android.LostPasswordActivity_
12:43:24.758 [pool-1-thread-2] DEBUG o.a.g.SourceCodewriter:55 - Generating class: com.opentaxi.android.MainActivity_
12:43:24.764 [pool-1-thread-2] DEBUG o.a.g.SourceCodewriter:55 - Generating class: com.opentaxi.android.NewClientActivity_
12:43:24.770 [pool-1-thread-2] DEBUG o.a.g.SourceCodewriter:55 - Generating class: com.opentaxi.android.NewRequestActivity_
12:43:24.776 [pool-1-thread-2] DEBUG o.a.g.SourceCodewriter:55 - Generating class: com.opentaxi.android.RequestDetailsActivity_
12:43:24.782 [pool-1-thread-2] DEBUG o.a.g.SourceCodewriter:55 - Generating class: com.opentaxi.android.RequestsActivity_
12:43:24.786 [pool-1-thread-2] DEBUG o.a.g.SourceCodewriter:55 - Generating class: com.opentaxi.android.ServersActivity_
12:43:24.789 [pool-1-thread-2] DEBUG o.a.g.SourceCodewriter:55 - Generating class: com.opentaxi.android.UserPassActivity_
12:43:24.793 [pool-1-thread-2] INFO  o.a.p.TimeStats:81 - Time measurements: [Whole Processing = 487 ms], [Extract Annotations = 146 ms], [Process Annotations = 138 ms], [Generate Sources = 107 ms], [Validate Annotations = 54 ms], [Find R Classes = 18 ms], [Extract Manifest = 14 ms], 
12:43:24.793 [pool-1-thread-2] INFO  o.a.AndroidAnnotationProcessor:131 - Finish processing
14:09:41.8 [pool-1-thread-2] INFO  o.a.AndroidAnnotationProcessor:86 - Initialize AndroidAnnotationProcessor with options {}
14:09:41.72 [pool-1-thread-2] INFO  o.a.AndroidAnnotationProcessor:117 - Start processing for 10 annotations on 63 elements
14:09:41.203 [pool-1-thread-2] DEBUG o.a.h.AndroidManifestFinder:137 - AndroidManifest.xml file found in parent folder /home/stanimir/Stil-Projects/TaxiAndroidOpen: /home/stanimir/Stil-Projects/TaxiAndroidOpen/AndroidManifest.xml
14:09:41.216 [pool-1-thread-2] INFO  o.a.AndroidAnnotationProcessor:180 - AndroidManifest.xml found: AndroidManifest [applicationPackage=com.opentaxi.android, componentQualifiedNames=[com.opentaxi.android.MainActivity_, com.opentaxi.android.UserPassActivity_, com.facebook.LoginActivity, com.opentaxi.android.NewClientActivity_, com.opentaxi.android.LostPasswordActivity_, com.opentaxi.android.MessageActivity, com.opentaxi.android.NewRequestActivity_, com.opentaxi.android.RequestsActivity_, com.opentaxi.android.EditRequestActivity_, com.opentaxi.android.RequestDetailsActivity_, com.opentaxi.android.CarDetailsActivity_, com.opentaxi.android.ServersActivity_, org.mapsforge.applications.android.mapbg.LocationOverlayMapViewer, com.opentaxi.android.BubbleOverlay_, com.opentaxi.android.LongPressMapAction_, org.mapsforge.applications.android.filepicker.FilePicker, org.mapsforge.applications.android.mapbg.Settings, com.opentaxi.android.GcmIntentService, com.littlefluffytoys.littlefluffylocationlibrary.LocationBroadcastService, com.opentaxi.android.GcmBroadcastReceiver, com.opentaxi.android.NetworkStateReceiver, com.littlefluffytoys.littlefluffylocationlibrary.PassiveLocationChangedReceiver, com.opentaxi.android.service.UserGpsBroadcastReceiver], permissionQualifiedNames=[android.permission.INTERNET, android.permission.GET_ACCOUNTS, android.permission.WAKE_LOCK, android.permission.ACCESS_COARSE_LOCATION, android.permission.ACCESS_FINE_LOCATION, android.permission.READ_PHONE_STATE, android.permission.READ_LOGS, android.permission.WRITE_EXTERNAL_STORAGE, android.permission.AUTHENTICATE_ACCOUNTS, com.opentaxi.android.permission.C2D_MESSAGE, com.google.android.c2dm.permission.RECEIVE, android.permission.ACCESS_NETWORK_STATE, android.permission.ACCESS_WIFI_STATE, android.permission.VIBRATE], applicationClassName=com.opentaxi.android.TaxiApplication, libraryProject=false, debugabble=false, minSdkVersion=8, maxSdkVersion=-1, targetSdkVersion=19]
14:09:41.216 [pool-1-thread-2] INFO  o.a.r.ProjectRClassFinder:48 - Found project R class: com.opentaxi.android.R
14:09:41.224 [pool-1-thread-2] INFO  o.a.r.AndroidRClassFinder:44 - Found Android class: android.R
14:09:41.240 [pool-1-thread-2] INFO  o.a.p.ModelValidator:42 - Validating elements
14:09:41.240 [pool-1-thread-2] DEBUG o.a.p.ModelValidator:62 - Validating with EActivityHandler: [com.opentaxi.android.UserPassActivity, com.opentaxi.android.LostPasswordActivity, com.opentaxi.android.NewClientActivity, com.opentaxi.android.CarDetailsActivity, com.opentaxi.android.NewRequestActivity, com.opentaxi.android.BubbleOverlay, com.opentaxi.android.LongPressMapAction, com.opentaxi.android.MainActivity, com.opentaxi.android.ServersActivity, com.opentaxi.android.EditRequestActivity, com.opentaxi.android.RequestDetailsActivity, com.opentaxi.android.RequestsActivity]
14:09:41.246 [pool-1-thread-2] DEBUG o.a.p.ModelValidator:62 - Validating with ViewByIdHandler: [userName, pass, pbProgress, loginLayout, userEmailField, sendButton, userName, pass, pass2, passwordHint, nameField, middleName, lastName, cityName, phoneNumber, email, iAgreeCheckBox, carNumberView, driver, rating, requestButton, pricesPicker, address, addressText, citiesPicker, region, regionsPicker, addressChange, llFilters, reqInfoButtonContainer, pbProgress, requestSend, user, version, bandwidth, cancelButton, serversContent, pricesPicker, citiesPicker, address, addressText, region, regionsPicker, addressChange, llFilters, reqInfoButtonContainer, pbProgress, requestSend, requestNumber, datecreated, address, car, price_group, chosen_group, arrive_time, remaining_time, rejectButton, editButton, feedBackButton, state, requests_table, pbProgress]
14:09:41.261 [pool-1-thread-2] DEBUG o.a.p.ModelValidator:62 - Validating with ClickHandler: [facebookButton(), newClient(), lostPassword(), userAgreement(), sendButton(), okButton(), requestButton(), requestSend(), addressChange(), addressImage(), okButton(), exitButton(), requestButton(), mapButton(), newRequestButton(), cancelButton(), refreshButton(), requestSend(), addressChange(), okButton(), rejectButton(), editButton(), feedBackButton(), backButton(), newRequests(), requestsHistory()]
14:09:41.275 [pool-1-thread-2] DEBUG o.a.p.ModelValidator:62 - Validating with FocusChangeHandler: [focusChangedOnUserNameField(android.view.View,boolean), focusChangedOnEmailField(android.view.View,boolean)]
14:09:41.278 [pool-1-thread-2] DEBUG o.a.p.ModelValidator:62 - Validating with ExtraHandler: [newUsers, carNumber, cars, newRequest, newCRequest, newCRequest]
14:09:41.278 [pool-1-thread-2] DEBUG o.a.p.ModelValidator:62 - Validating with OnActivityResultHandler: [onResult(int,android.content.Intent), onResult(), onResult()]
14:09:41.280 [pool-1-thread-2] DEBUG o.a.p.ModelValidator:62 - Validating with WindowFeatureHandler: [com.opentaxi.android.NewClientActivity, com.opentaxi.android.ServersActivity, com.opentaxi.android.RequestDetailsActivity]
14:09:41.280 [pool-1-thread-2] DEBUG o.a.p.ModelValidator:62 - Validating with AfterViewsHandler: [afterLoad(), afterLoad(), afterLoad(), afterRequestsActivity(), afterActivity(), afterMain(), afterServers(), afterActivity(), afterRequestsActivity(), afterRequestsActivity()]
14:09:41.281 [pool-1-thread-2] DEBUG o.a.p.ModelValidator:62 - Validating with UiThreadHandler: [showProgress(), hideProgress(), overFacebookLoginTime(java.lang.String), facebookUser(com.opentaxi.models.Users), setError(java.lang.String), result(java.lang.Boolean), finishThis(), setUserError(java.lang.String), setEmailError(java.lang.String), ActivationDialog(), showDetails(com.opentaxi.generated.mysql.tables.pojos.Cars), showCities(java.lang.String), showRegions(com.opentaxi.generated.mysql.tables.pojos.Regions[]), showGroups(com.opentaxi.generated.mysql.tables.pojos.Groups[]), showPrices(com.opentaxi.generated.mysql.tables.pojos.Groups[]), showAddress(com.opentaxi.generated.mysql.tables.pojos.NewRequest), SuccessDialog(), notSupporderDialog(), showCarPosition(com.opentaxi.generated.mysql.tables.pojos.Cars), showRequests(com.opentaxi.models.RequestCView), showTextCircle(com.opentaxi.generated.mysql.tables.pojos.NewRequest), afterLogin(java.lang.String), startUserPass(), createNotification(), updateVersionDialog(), startUpdate(), changeNetworkState(), showServers(boolean), loginError(java.lang.String), showCities(java.lang.String), showRegions(com.opentaxi.generated.mysql.tables.pojos.Regions[]), showGroups(com.opentaxi.generated.mysql.tables.pojos.Groups[]), showPrices(com.opentaxi.generated.mysql.tables.pojos.Groups[]), notSupporderDialog(), SuccessDialog(), showDetails(), showFeedBack(com.opentaxi.generated.mysql.tables.pojos.Feedback[]), setActivityTile(java.lang.String), showRequests(com.opentaxi.models.RequestCView)]
14:09:41.284 [pool-1-thread-2] DEBUG o.a.p.ModelValidator:62 - Validating with BackgroundHandler: [maxFacebookLoginTime(), checkFacebook(java.lang.String), login(java.lang.String,java.lang.String), lostPass(java.lang.String), checkUsername(java.lang.String), checkEmail(java.lang.String), createNewUser(com.opentaxi.models.NewUsers), setDetails(), setRegions(), setGroups(), setPrices(), setAddress(), sendRequest(com.opentaxi.models.NewRequest), showMyRequestsDelayed(), showMyRequests(), showCar(java.lang.String), showAddress(org.mapsforge.core.model.LatLong), beforeStartUserPass(), gcmRegister(), setServers(), sendVersion(java.lang.String,java.lang.Integer), downloadUpdate(), facebookLogout(), testServer(java.lang.String), updateServers(), login(), setRegions(), setGroups(), setPrices(), sendRequest(com.opentaxi.models.NewRequest), scheduleChangesSec(), scheduleChanges(), rejectRequest(java.lang.String), setFeedBack(), sendFeedBack(java.lang.String,java.util.Map<java.lang.Integer,java.lang.Float>), scheduleRequestSec(), scheduleRequest(), getRequests(), getRequestHistory()]
14:09:41.294 [pool-1-thread-2] INFO  o.a.p.ModelProcessor:73 - Processing root elements
14:09:41.294 [pool-1-thread-2] DEBUG o.a.p.ModelProcessor:80 - Processing root elements EActivityHandler: [com.opentaxi.android.RequestsActivity, com.opentaxi.android.RequestDetailsActivity, com.opentaxi.android.MainActivity, com.opentaxi.android.BubbleOverlay, com.opentaxi.android.NewClientActivity, com.opentaxi.android.ServersActivity, com.opentaxi.android.NewRequestActivity, com.opentaxi.android.LostPasswordActivity, com.opentaxi.android.LongPressMapAction, com.opentaxi.android.CarDetailsActivity, com.opentaxi.android.EditRequestActivity, com.opentaxi.android.UserPassActivity]
14:09:41.335 [pool-1-thread-2] INFO  o.a.p.ModelProcessor:104 - Processing enclosed elements
14:09:41.372 [pool-1-thread-2] INFO  o.a.AndroidAnnotationProcessor:259 - Number of files generated by AndroidAnnotations: 12
14:09:41.374 [pool-1-thread-2] INFO  o.a.g.ApiCodeGenerator:52 - Writting following API classes in project: [class org.androidannotations.api.BackgroundExecutor, class org.androidannotations.api.SdkVersionHelper]
14:09:41.379 [pool-1-thread-2] DEBUG o.a.g.SourceCodewriter:55 - Generating class: com.opentaxi.android.BubbleOverlay_
14:09:41.400 [pool-1-thread-2] DEBUG o.a.g.SourceCodewriter:55 - Generating class: com.opentaxi.android.CarDetailsActivity_
14:09:41.415 [pool-1-thread-2] DEBUG o.a.g.SourceCodewriter:55 - Generating class: com.opentaxi.android.EditRequestActivity_
14:09:41.429 [pool-1-thread-2] DEBUG o.a.g.SourceCodewriter:55 - Generating class: com.opentaxi.android.LongPressMapAction_
14:09:41.434 [pool-1-thread-2] DEBUG o.a.g.SourceCodewriter:55 - Generating class: com.opentaxi.android.LostPasswordActivity_
14:09:41.437 [pool-1-thread-2] DEBUG o.a.g.SourceCodewriter:55 - Generating class: com.opentaxi.android.MainActivity_
14:09:41.443 [pool-1-thread-2] DEBUG o.a.g.SourceCodewriter:55 - Generating class: com.opentaxi.android.NewClientActivity_
14:09:41.448 [pool-1-thread-2] DEBUG o.a.g.SourceCodewriter:55 - Generating class: com.opentaxi.android.NewRequestActivity_
14:09:41.455 [pool-1-thread-2] DEBUG o.a.g.SourceCodewriter:55 - Generating class: com.opentaxi.android.RequestDetailsActivity_
14:09:41.460 [pool-1-thread-2] DEBUG o.a.g.SourceCodewriter:55 - Generating class: com.opentaxi.android.RequestsActivity_
14:09:41.463 [pool-1-thread-2] DEBUG o.a.g.SourceCodewriter:55 - Generating class: com.opentaxi.android.ServersActivity_
14:09:41.466 [pool-1-thread-2] DEBUG o.a.g.SourceCodewriter:55 - Generating class: com.opentaxi.android.UserPassActivity_
14:09:41.469 [pool-1-thread-2] INFO  o.a.p.TimeStats:81 - Time measurements: [Whole Processing = 397 ms], [Extract Annotations = 130 ms], [Generate Sources = 97 ms], [Process Annotations = 86 ms], [Validate Annotations = 46 ms], [Find R Classes = 17 ms], [Extract Manifest = 14 ms], 
14:09:41.469 [pool-1-thread-2] INFO  o.a.AndroidAnnotationProcessor:131 - Finish processing
14:11:38.820 [pool-1-thread-2] INFO  o.a.AndroidAnnotationProcessor:86 - Initialize AndroidAnnotationProcessor with options {}
14:11:57.944 [pool-1-thread-2] INFO  o.a.AndroidAnnotationProcessor:86 - Initialize AndroidAnnotationProcessor with options {}
14:30:54.155 [pool-1-thread-2] INFO  o.a.AndroidAnnotationProcessor:86 - Initialize AndroidAnnotationProcessor with options {}
14:30:54.221 [pool-1-thread-2] INFO  o.a.AndroidAnnotationProcessor:117 - Start processing for 10 annotations on 63 elements
14:30:54.353 [pool-1-thread-2] DEBUG o.a.h.AndroidManifestFinder:137 - AndroidManifest.xml file found in parent folder /home/stanimir/Stil-Projects/TaxiAndroidOpen: /home/stanimir/Stil-Projects/TaxiAndroidOpen/AndroidManifest.xml
14:30:54.367 [pool-1-thread-2] INFO  o.a.AndroidAnnotationProcessor:180 - AndroidManifest.xml found: AndroidManifest [applicationPackage=com.opentaxi.android, componentQualifiedNames=[com.opentaxi.android.MainActivity_, com.opentaxi.android.UserPassActivity_, com.facebook.LoginActivity, com.opentaxi.android.NewClientActivity_, com.opentaxi.android.LostPasswordActivity_, com.opentaxi.android.MessageActivity, com.opentaxi.android.NewRequestActivity_, com.opentaxi.android.RequestsActivity_, com.opentaxi.android.EditRequestActivity_, com.opentaxi.android.RequestDetailsActivity_, com.opentaxi.android.CarDetailsActivity_, com.opentaxi.android.ServersActivity_, org.mapsforge.applications.android.mapbg.LocationOverlayMapViewer, com.opentaxi.android.BubbleOverlay_, com.opentaxi.android.LongPressMapAction_, org.mapsforge.applications.android.filepicker.FilePicker, org.mapsforge.applications.android.mapbg.Settings, com.opentaxi.android.GcmIntentService, com.littlefluffytoys.littlefluffylocationlibrary.LocationBroadcastService, com.opentaxi.android.GcmBroadcastReceiver, com.opentaxi.android.NetworkStateReceiver, com.littlefluffytoys.littlefluffylocationlibrary.PassiveLocationChangedReceiver, com.opentaxi.android.service.UserGpsBroadcastReceiver], permissionQualifiedNames=[android.permission.INTERNET, android.permission.GET_ACCOUNTS, android.permission.WAKE_LOCK, android.permission.ACCESS_COARSE_LOCATION, android.permission.ACCESS_FINE_LOCATION, android.permission.READ_PHONE_STATE, android.permission.READ_LOGS, android.permission.WRITE_EXTERNAL_STORAGE, android.permission.AUTHENTICATE_ACCOUNTS, com.opentaxi.android.permission.C2D_MESSAGE, com.google.android.c2dm.permission.RECEIVE, android.permission.ACCESS_NETWORK_STATE, android.permission.ACCESS_WIFI_STATE, android.permission.VIBRATE], applicationClassName=com.opentaxi.android.TaxiApplication, libraryProject=false, debugabble=false, minSdkVersion=8, maxSdkVersion=-1, targetSdkVersion=19]
14:30:54.367 [pool-1-thread-2] INFO  o.a.r.ProjectRClassFinder:48 - Found project R class: com.opentaxi.android.R
14:30:54.375 [pool-1-thread-2] INFO  o.a.r.AndroidRClassFinder:44 - Found Android class: android.R
14:30:54.392 [pool-1-thread-2] INFO  o.a.p.ModelValidator:42 - Validating elements
14:30:54.392 [pool-1-thread-2] DEBUG o.a.p.ModelValidator:62 - Validating with EActivityHandler: [com.opentaxi.android.UserPassActivity, com.opentaxi.android.LostPasswordActivity, com.opentaxi.android.NewClientActivity, com.opentaxi.android.CarDetailsActivity, com.opentaxi.android.NewRequestActivity, com.opentaxi.android.BubbleOverlay, com.opentaxi.android.LongPressMapAction, com.opentaxi.android.MainActivity, com.opentaxi.android.ServersActivity, com.opentaxi.android.EditRequestActivity, com.opentaxi.android.RequestDetailsActivity, com.opentaxi.android.RequestsActivity]
14:30:54.398 [pool-1-thread-2] DEBUG o.a.p.ModelValidator:62 - Validating with ViewByIdHandler: [userName, pass, pbProgress, loginLayout, userEmailField, sendButton, userName, pass, pass2, passwordHint, nameField, middleName, lastName, cityName, phoneNumber, email, iAgreeCheckBox, carNumberView, driver, rating, requestButton, pricesPicker, address, addressText, citiesPicker, region, regionsPicker, addressChange, llFilters, reqInfoButtonContainer, pbProgress, requestSend, user, version, bandwidth, cancelButton, serversContent, pricesPicker, citiesPicker, address, addressText, region, regionsPicker, addressChange, llFilters, reqInfoButtonContainer, pbProgress, requestSend, requestNumber, datecreated, address, car, price_group, chosen_group, arrive_time, remaining_time, rejectButton, editButton, feedBackButton, state, requests_table, pbProgress]
14:30:54.414 [pool-1-thread-2] DEBUG o.a.p.ModelValidator:62 - Validating with ClickHandler: [facebookButton(), newClient(), lostPassword(), userAgreement(), sendButton(), okButton(), requestButton(), requestSend(), addressChange(), addressImage(), okButton(), exitButton(), requestButton(), mapButton(), newRequestButton(), cancelButton(), refreshButton(), requestSend(), addressChange(), okButton(), rejectButton(), editButton(), feedBackButton(), backButton(), newRequests(), requestsHistory()]
14:30:54.429 [pool-1-thread-2] DEBUG o.a.p.ModelValidator:62 - Validating with FocusChangeHandler: [focusChangedOnUserNameField(android.view.View,boolean), focusChangedOnEmailField(android.view.View,boolean)]
14:30:54.431 [pool-1-thread-2] DEBUG o.a.p.ModelValidator:62 - Validating with ExtraHandler: [newUsers, carNumber, cars, newRequest, newCRequest, newCRequest]
14:30:54.432 [pool-1-thread-2] DEBUG o.a.p.ModelValidator:62 - Validating with OnActivityResultHandler: [onResult(int,android.content.Intent), onResult(), onResult()]
14:30:54.434 [pool-1-thread-2] DEBUG o.a.p.ModelValidator:62 - Validating with WindowFeatureHandler: [com.opentaxi.android.NewClientActivity, com.opentaxi.android.ServersActivity, com.opentaxi.android.RequestDetailsActivity]
14:30:54.434 [pool-1-thread-2] DEBUG o.a.p.ModelValidator:62 - Validating with AfterViewsHandler: [afterLoad(), afterLoad(), afterLoad(), afterRequestsActivity(), afterActivity(), afterMain(), afterServers(), afterActivity(), afterRequestsActivity(), afterRequestsActivity()]
14:30:54.435 [pool-1-thread-2] DEBUG o.a.p.ModelValidator:62 - Validating with UiThreadHandler: [showProgress(), hideProgress(), overFacebookLoginTime(java.lang.String), facebookUser(com.opentaxi.models.Users), setError(java.lang.String), result(java.lang.Boolean), finishThis(), setUserError(java.lang.String), setEmailError(java.lang.String), ActivationDialog(), showDetails(com.opentaxi.generated.mysql.tables.pojos.Cars), showCities(java.lang.String), showRegions(com.opentaxi.generated.mysql.tables.pojos.Regions[]), showGroups(com.opentaxi.generated.mysql.tables.pojos.Groups[]), showPrices(com.opentaxi.generated.mysql.tables.pojos.Groups[]), showAddress(com.opentaxi.generated.mysql.tables.pojos.NewRequest), SuccessDialog(), notSupporderDialog(), showCarPosition(com.opentaxi.generated.mysql.tables.pojos.Cars), showRequests(com.opentaxi.models.RequestCView), showTextCircle(com.opentaxi.generated.mysql.tables.pojos.NewRequest), afterLogin(java.lang.String), startUserPass(), createNotification(), updateVersionDialog(), startUpdate(), changeNetworkState(), showServers(boolean), loginError(java.lang.String), showCities(java.lang.String), showRegions(com.opentaxi.generated.mysql.tables.pojos.Regions[]), showGroups(com.opentaxi.generated.mysql.tables.pojos.Groups[]), showPrices(com.opentaxi.generated.mysql.tables.pojos.Groups[]), notSupporderDialog(), SuccessDialog(), showDetails(), showFeedBack(com.opentaxi.generated.mysql.tables.pojos.Feedback[]), setActivityTile(java.lang.String), showRequests(com.opentaxi.models.RequestCView)]
14:30:54.438 [pool-1-thread-2] DEBUG o.a.p.ModelValidator:62 - Validating with BackgroundHandler: [maxFacebookLoginTime(), checkFacebook(java.lang.String), login(java.lang.String,java.lang.String), lostPass(java.lang.String), checkUsername(java.lang.String), checkEmail(java.lang.String), createNewUser(com.opentaxi.models.NewUsers), setDetails(), setRegions(), setGroups(), setPrices(), setAddress(), sendRequest(com.opentaxi.models.NewRequest), showMyRequestsDelayed(), showMyRequests(), showCar(java.lang.String), showAddress(org.mapsforge.core.model.LatLong), beforeStartUserPass(), gcmRegister(), setServers(), sendVersion(java.lang.String,java.lang.Integer), downloadUpdate(), facebookLogout(), testServer(java.lang.String), updateServers(), login(), setRegions(), setGroups(), setPrices(), sendRequest(com.opentaxi.models.NewRequest), scheduleChangesSec(), scheduleChanges(), rejectRequest(java.lang.String), setFeedBack(), sendFeedBack(java.lang.String,java.util.Map<java.lang.Integer,java.lang.Float>), scheduleRequestSec(), scheduleRequest(), getRequests(), getRequestHistory()]
14:30:54.449 [pool-1-thread-2] INFO  o.a.p.ModelProcessor:73 - Processing root elements
14:30:54.450 [pool-1-thread-2] DEBUG o.a.p.ModelProcessor:80 - Processing root elements EActivityHandler: [com.opentaxi.android.RequestDetailsActivity, com.opentaxi.android.NewClientActivity, com.opentaxi.android.EditRequestActivity, com.opentaxi.android.NewRequestActivity, com.opentaxi.android.CarDetailsActivity, com.opentaxi.android.LostPasswordActivity, com.opentaxi.android.LongPressMapAction, com.opentaxi.android.BubbleOverlay, com.opentaxi.android.RequestsActivity, com.opentaxi.android.ServersActivity, com.opentaxi.android.UserPassActivity, com.opentaxi.android.MainActivity]
14:30:54.501 [pool-1-thread-2] INFO  o.a.p.ModelProcessor:104 - Processing enclosed elements
14:30:54.542 [pool-1-thread-2] INFO  o.a.AndroidAnnotationProcessor:259 - Number of files generated by AndroidAnnotations: 12
14:30:54.544 [pool-1-thread-2] INFO  o.a.g.ApiCodeGenerator:52 - Writting following API classes in project: [class org.androidannotations.api.SdkVersionHelper, class org.androidannotations.api.BackgroundExecutor]
14:30:54.555 [pool-1-thread-2] DEBUG o.a.g.SourceCodewriter:55 - Generating class: com.opentaxi.android.BubbleOverlay_
14:30:54.583 [pool-1-thread-2] DEBUG o.a.g.SourceCodewriter:55 - Generating class: com.opentaxi.android.CarDetailsActivity_
14:30:54.605 [pool-1-thread-2] DEBUG o.a.g.SourceCodewriter:55 - Generating class: com.opentaxi.android.EditRequestActivity_
14:30:54.638 [pool-1-thread-2] DEBUG o.a.g.SourceCodewriter:55 - Generating class: com.opentaxi.android.LongPressMapAction_
14:30:54.647 [pool-1-thread-2] DEBUG o.a.g.SourceCodewriter:55 - Generating class: com.opentaxi.android.LostPasswordActivity_
14:30:54.652 [pool-1-thread-2] DEBUG o.a.g.SourceCodewriter:55 - Generating class: com.opentaxi.android.MainActivity_
14:30:54.660 [pool-1-thread-2] DEBUG o.a.g.SourceCodewriter:55 - Generating class: com.opentaxi.android.NewClientActivity_
14:30:54.665 [pool-1-thread-2] DEBUG o.a.g.SourceCodewriter:55 - Generating class: com.opentaxi.android.NewRequestActivity_
14:30:54.672 [pool-1-thread-2] DEBUG o.a.g.SourceCodewriter:55 - Generating class: com.opentaxi.android.RequestDetailsActivity_
14:30:54.678 [pool-1-thread-2] DEBUG o.a.g.SourceCodewriter:55 - Generating class: com.opentaxi.android.RequestsActivity_
14:30:54.681 [pool-1-thread-2] DEBUG o.a.g.SourceCodewriter:55 - Generating class: com.opentaxi.android.ServersActivity_
14:30:54.684 [pool-1-thread-2] DEBUG o.a.g.SourceCodewriter:55 - Generating class: com.opentaxi.android.UserPassActivity_
14:30:54.687 [pool-1-thread-2] INFO  o.a.p.TimeStats:81 - Time measurements: [Whole Processing = 466 ms], [Generate Sources = 145 ms], [Extract Annotations = 131 ms], [Process Annotations = 102 ms], [Validate Annotations = 49 ms], [Find R Classes = 17 ms], [Extract Manifest = 15 ms], 
14:30:54.687 [pool-1-thread-2] INFO  o.a.AndroidAnnotationProcessor:131 - Finish processing
14:32:28.522 [pool-1-thread-2] INFO  o.a.AndroidAnnotationProcessor:86 - Initialize AndroidAnnotationProcessor with options {}
14:32:48.241 [pool-1-thread-2] INFO  o.a.AndroidAnnotationProcessor:86 - Initialize AndroidAnnotationProcessor with options {}
